#
# A fatal error has been detected by the Java Runtime Environment:
#
#  EXCEPTION_ACCESS_VIOLATION (0xc0000005) at pc=0x667f28ca, pid=10756, tid=7404
#
# JRE version: Java(TM) SE Runtime Environment (7.0_79-b15) (build 1.7.0_79-b15)
# Java VM: Java HotSpot(TM) Client VM (24.79-b02 mixed mode windows-x86 )
# Problematic frame:
# V  [jvm.dll+0xb28ca]
#
# Failed to write core dump. Minidumps are not enabled by default on client versions of Windows
#
# If you would like to submit a bug report, please visit:
#   http://bugreport.java.com/bugreport/crash.jsp
#

---------------  T H R E A D  ---------------

Current thread (0x02a4c800):  JavaThread "main" [_thread_in_vm, id=7404, stack(0x00db0000,0x00e00000)]

siginfo: ExceptionCode=0xc0000005, reading address 0x00000008

Registers:
EAX=0x14c00c40, EBX=0x14ca53b8, ECX=0x14c00c48, EDX=0x02a4d24c
ESP=0x00dff700, EBP=0x00dff70c, ESI=0x00000018, EDI=0x00000000
EIP=0x667f28ca, EFLAGS=0x00010297

Top of Stack: (sp=0x00dff700)
0x00dff700:   02a4c800 00000018 02a4d201 00dff80c
0x00dff710:   667b1b68 14ca53b8 02a4c800 02a4d228
0x00dff720:   02a4d24c 00dff964 02a4ce20 02a4d20c
0x00dff730:   000003ec 02a4d25c 00000000 02892b40
0x00dff740:   02a45ac8 00dff8ac 668992cd 6fcc5714
0x00dff750:   02a473b0 0296e530 00dff768 02a473b0
0x00dff760:   00dff76c 668544af 02a4c800 02a4ba30
0x00dff770:   668459b8 02a4c800 00000000 02a4ba30 

Instructions: (pc=0x667f28ca)
0x667f28aa:   cc cc cc cc cc cc 55 8b ec 53 8b 5d 08 8d 41 f8
0x667f28ba:   3b c3 75 07 b0 01 5b 5d c2 04 00 56 57 8b 79 14
0x667f28ca:   8b 77 08 33 c0 85 f6 7e 12 ba 0c 00 00 00 39 1c
0x667f28da:   3a 74 11 40 83 c2 04 3b c6 7c f3 5f 5e 32 c0 5b 


Register to memory mapping:

EAX=0x14c00c40 is an oop
{other class} 
 - klass: {other class}
EBX=0x14ca53b8 is an oop
{instance class} 
 - klass: {other class}
ECX=0x14c00c48 is pointing into object: 0x14c00c40
{other class} 
 - klass: {other class}
EDX=0x02a4d24c is an unknown value
ESP=0x00dff700 is pointing into the stack for thread: 0x02a4c800
EBP=0x00dff70c is pointing into the stack for thread: 0x02a4c800
ESI=0x00000018 is an unknown value
EDI=0x00000000 is an unknown value


Stack: [0x00db0000,0x00e00000],  sp=0x00dff700,  free space=317k
Native frames: (J=compiled Java code, j=interpreted, Vv=VM code, C=native code)
V  [jvm.dll+0xb28ca]
V  [jvm.dll+0x71b68]
V  [jvm.dll+0x72bf6]
V  [jvm.dll+0x72cc1]
V  [jvm.dll+0x6ed20]
j  cn.com.agree.ab.a4.pub.logreader.reader.ClientSerMerge.ToSegment(Ljava/lang/String;Ljava/util/Set;)V+1
j  cn.com.agree.ab.a4.pub.logreader.reader.ClientSerMerge.clientServerMerger(Ljava/lang/String;Ljava/lang/String;)Ljava/util/List;+102
j  cn.com.agree.ab.a4.pub.logreader.reader.AnalysisLog.createContents()V+109
j  cn.com.agree.ab.a4.pub.logreader.reader.AnalysisLog.<init>(Lorg/eclipse/swt/widgets/Display;)V+74
j  cn.com.agree.ab.a4.pub.logreader.reader.AnalysisLog.main([Ljava/lang/String;)V+9
v  ~StubRoutines::call_stub
V  [jvm.dll+0x14234a]
V  [jvm.dll+0x206ebe]
V  [jvm.dll+0x1423cd]
V  [jvm.dll+0xcb345]
V  [jvm.dll+0xd5ff7]
C  [javaw.exe+0x2070]
C  [javaw.exe+0xa601]
C  [javaw.exe+0xa68b]
C  [KERNEL32.DLL+0x17c04]
C  [ntdll.dll+0x5ab8f]
C  [ntdll.dll+0x5ab5a]

Java frames: (J=compiled Java code, j=interpreted, Vv=VM code)
j  cn.com.agree.ab.a4.pub.logreader.reader.ClientSerMerge.ToSegment(Ljava/lang/String;Ljava/util/Set;)V+1
j  cn.com.agree.ab.a4.pub.logreader.reader.ClientSerMerge.clientServerMerger(Ljava/lang/String;Ljava/lang/String;)Ljava/util/List;+102
j  cn.com.agree.ab.a4.pub.logreader.reader.AnalysisLog.createContents()V+109
j  cn.com.agree.ab.a4.pub.logreader.reader.AnalysisLog.<init>(Lorg/eclipse/swt/widgets/Display;)V+74
j  cn.com.agree.ab.a4.pub.logreader.reader.AnalysisLog.main([Ljava/lang/String;)V+9
v  ~StubRoutines::call_stub

---------------  P R O C E S S  ---------------

Java Threads: ( => current thread )
  0x18d66400 JavaThread "Service Thread" daemon [_thread_blocked, id=10408, stack(0x196a0000,0x196f0000)]
  0x18d65400 JavaThread "C1 CompilerThread0" daemon [_thread_blocked, id=1472, stack(0x19610000,0x19660000)]
  0x18d58800 JavaThread "JDWP Command Reader" daemon [_thread_in_native, id=9808, stack(0x191e0000,0x19230000)]
  0x18d55400 JavaThread "JDWP Event Helper Thread" daemon [_thread_blocked, id=4288, stack(0x19150000,0x191a0000)]
  0x18d4b000 JavaThread "JDWP Transport Listener: dt_socket" daemon [_thread_blocked, id=10288, stack(0x190c0000,0x19110000)]
  0x18d3ac00 JavaThread "Attach Listener" daemon [_thread_blocked, id=2664, stack(0x18ff0000,0x19040000)]
  0x18d38c00 JavaThread "Signal Dispatcher" daemon [_thread_blocked, id=9452, stack(0x18f60000,0x18fb0000)]
  0x0296c000 JavaThread "Finalizer" daemon [_thread_blocked, id=7504, stack(0x18cd0000,0x18d20000)]
  0x02965c00 JavaThread "Reference Handler" daemon [_thread_blocked, id=7392, stack(0x18c40000,0x18c90000)]
=>0x02a4c800 JavaThread "main" [_thread_in_vm, id=7404, stack(0x00db0000,0x00e00000)]

Other Threads:
  0x02962800 VMThread [stack: 0x04ba0000,0x04bf0000] [id=7592]
  0x18d78400 WatcherThread [stack: 0x19730000,0x19780000] [id=832]

VM state:not at safepoint (normal execution)

VM Mutex/Monitor currently owned by a thread: None

Heap
 def new generation   total 4928K, used 2709K [0x04c00000, 0x05150000, 0x0a150000)
  eden space 4416K,  49% used [0x04c00000, 0x04e25470, 0x05050000)
  from space 512K, 100% used [0x050d0000, 0x05150000, 0x05150000)
  to   space 512K,   0% used [0x05050000, 0x05050000, 0x050d0000)
 tenured generation   total 10944K, used 2855K [0x0a150000, 0x0ac00000, 0x14c00000)
   the space 10944K,  26% used [0x0a150000, 0x0a419da0, 0x0a419e00, 0x0ac00000)
 compacting perm gen  total 12288K, used 4327K [0x14c00000, 0x15800000, 0x18c00000)
   the space 12288K,  35% used [0x14c00000, 0x15039df0, 0x15039e00, 0x15800000)
No shared spaces configured.

Card table byte_map: [0x04a50000,0x04b00000] byte_map_base: 0x04a2a000

Polling page: 0x00bd0000

Code Cache  [0x02a50000, 0x02b38000, 0x04a50000)
 total_blobs=337 nmethods=200 adapters=82 free_code_cache=31856Kb largest_free_block=32620928

Compilation events (10 events):
Event: 0.658 Thread 0x18d65400  196             sun.security.rsa.RSAPadding::unpadV15 (175 bytes)
Event: 0.659 Thread 0x18d65400 nmethod 196 0x02b2ec88 code [0x02b2edc0, 0x02b2f224]
Event: 0.671 Thread 0x18d65400  197             java.nio.Buffer::checkIndex (22 bytes)
Event: 0.671 Thread 0x18d65400 nmethod 197 0x02b2f508 code [0x02b2f610, 0x02b2f71c]
Event: 0.671 Thread 0x18d65400  198             java.nio.DirectLongBufferU::ix (10 bytes)
Event: 0.671 Thread 0x18d65400 nmethod 198 0x02b2f7c8 code [0x02b2f8c0, 0x02b2f950]
Event: 3.139 Thread 0x18d65400  199             java.net.URL::getHost (5 bytes)
Event: 3.139 Thread 0x18d65400 nmethod 199 0x02b2f988 code [0x02b2fa80, 0x02b2fb00]
Event: 3.140 Thread 0x18d65400  200             sun.nio.cs.UTF_8$Decoder::decodeArrayLoop (543 bytes)
Event: 3.146 Thread 0x18d65400 nmethod 200 0x02b2fb48 code [0x02b30050, 0x02b31258]

GC Heap History (6 events):
Event: 0.247 GC heap before
{Heap before GC invocations=0 (full 0):
 def new generation   total 4928K, used 4416K [0x04c00000, 0x05150000, 0x0a150000)
  eden space 4416K, 100% used [0x04c00000, 0x05050000, 0x05050000)
  from space 512K,   0% used [0x05050000, 0x05050000, 0x050d0000)
  to   space 512K,   0% used [0x050d0000, 0x050d0000, 0x05150000)
 tenured generation   total 10944K, used 0K [0x0a150000, 0x0ac00000, 0x14c00000)
   the space 10944K,   0% used [0x0a150000, 0x0a150000, 0x0a150200, 0x0ac00000)
 compacting perm gen  total 12288K, used 1796K [0x14c00000, 0x15800000, 0x18c00000)
   the space 12288K,  14% used [0x14c00000, 0x14dc1148, 0x14dc1200, 0x15800000)
No shared spaces configured.
Event: 0.252 GC heap after
Heap after GC invocations=1 (full 0):
 def new generation   total 4928K, used 512K [0x04c00000, 0x05150000, 0x0a150000)
  eden space 4416K,   0% used [0x04c00000, 0x04c00000, 0x05050000)
  from space 512K, 100% used [0x050d0000, 0x05150000, 0x05150000)
  to   space 512K,   0% used [0x05050000, 0x05050000, 0x050d0000)
 tenured generation   total 10944K, used 1097K [0x0a150000, 0x0ac00000, 0x14c00000)
   the space 10944K,  10% used [0x0a150000, 0x0a2625b8, 0x0a262600, 0x0ac00000)
 compacting perm gen  total 12288K, used 1796K [0x14c00000, 0x15800000, 0x18c00000)
   the space 12288K,  14% used [0x14c00000, 0x14dc1148, 0x14dc1200, 0x15800000)
No shared spaces configured.
}
Event: 0.394 GC heap before
{Heap before GC invocations=1 (full 0):
 def new generation   total 4928K, used 4900K [0x04c00000, 0x05150000, 0x0a150000)
  eden space 4416K,  99% used [0x04c00000, 0x050491b8, 0x05050000)
  from space 512K, 100% used [0x050d0000, 0x05150000, 0x05150000)
  to   space 512K,   0% used [0x05050000, 0x05050000, 0x050d0000)
 tenured generation   total 10944K, used 1097K [0x0a150000, 0x0ac00000, 0x14c00000)
   the space 10944K,  10% used [0x0a150000, 0x0a2625b8, 0x0a262600, 0x0ac00000)
 compacting perm gen  total 12288K, used 3265K [0x14c00000, 0x15800000, 0x18c00000)
   the space 12288K,  26% used [0x14c00000, 0x14f30728, 0x14f30800, 0x15800000)
No shared spaces configured.
Event: 0.399 GC heap after
Heap after GC invocations=2 (full 0):
 def new generation   total 4928K, used 512K [0x04c00000, 0x05150000, 0x0a150000)
  eden space 4416K,   0% used [0x04c00000, 0x04c00000, 0x05050000)
  from space 512K, 100% used [0x05050000, 0x050d0000, 0x050d0000)
  to   space 512K,   0% used [0x050d0000, 0x050d0000, 0x05150000)
 tenured generation   total 10944K, used 2319K [0x0a150000, 0x0ac00000, 0x14c00000)
   the space 10944K,  21% used [0x0a150000, 0x0a393eb0, 0x0a394000, 0x0ac00000)
 compacting perm gen  total 12288K, used 3265K [0x14c00000, 0x15800000, 0x18c00000)
   the space 12288K,  26% used [0x14c00000, 0x14f30728, 0x14f30800, 0x15800000)
No shared spaces configured.
}
Event: 0.558 GC heap before
{Heap before GC invocations=2 (full 0):
 def new generation   total 4928K, used 4922K [0x04c00000, 0x05150000, 0x0a150000)
  eden space 4416K,  99% used [0x04c00000, 0x0504e868, 0x05050000)
  from space 512K, 100% used [0x05050000, 0x050d0000, 0x050d0000)
  to   space 512K,   0% used [0x050d0000, 0x050d0000, 0x05150000)
 tenured generation   total 10944K, used 2319K [0x0a150000, 0x0ac00000, 0x14c00000)
   the space 10944K,  21% used [0x0a150000, 0x0a393eb0, 0x0a394000, 0x0ac00000)
 compacting perm gen  total 12288K, used 3913K [0x14c00000, 0x15800000, 0x18c00000)
   the space 12288K,  31% used [0x14c00000, 0x14fd2738, 0x14fd2800, 0x15800000)
No shared spaces configured.
Event: 0.562 GC heap after
Heap after GC invocations=3 (full 0):
 def new generation   total 4928K, used 512K [0x04c00000, 0x05150000, 0x0a150000)
  eden space 4416K,   0% used [0x04c00000, 0x04c00000, 0x05050000)
  from space 512K, 100% used [0x050d0000, 0x05150000, 0x05150000)
  to   space 512K,   0% used [0x05050000, 0x05050000, 0x050d0000)
 tenured generation   total 10944K, used 2855K [0x0a150000, 0x0ac00000, 0x14c00000)
   the space 10944K,  26% used [0x0a150000, 0x0a419da0, 0x0a419e00, 0x0ac00000)
 compacting perm gen  total 12288K, used 3913K [0x14c00000, 0x15800000, 0x18c00000)
   the space 12288K,  31% used [0x14c00000, 0x14fd2738, 0x14fd2800, 0x15800000)
No shared spaces configured.
}

Deoptimization events (0 events):
No events

Internal exceptions (10 events):
Event: 0.668 Thread 0x02a4c800 Threw 0x04de2ce0 at C:\re\jdk7u79\2331\hotspot\src\share\vm\prims\jvm.cpp:1304
Event: 0.668 Thread 0x02a4c800 Threw 0x04de5dc0 at C:\re\jdk7u79\2331\hotspot\src\share\vm\prims\jvm.cpp:1304
Event: 0.669 Thread 0x02a4c800 Threw 0x04de8ed8 at C:\re\jdk7u79\2331\hotspot\src\share\vm\prims\jvm.cpp:1304
Event: 0.669 Thread 0x02a4c800 Threw 0x04debc00 at C:\re\jdk7u79\2331\hotspot\src\share\vm\prims\jvm.cpp:1304
Event: 0.670 Thread 0x02a4c800 Threw 0x04df0b20 at C:\re\jdk7u79\2331\hotspot\src\share\vm\prims\jvm.cpp:1304
Event: 0.671 Thread 0x02a4c800 Threw 0x04df34e8 at C:\re\jdk7u79\2331\hotspot\src\share\vm\prims\jvm.cpp:1304
Event: 0.673 Thread 0x02a4c800 Threw 0x04df6750 at C:\re\jdk7u79\2331\hotspot\src\share\vm\prims\jvm.cpp:1304
Event: 0.674 Thread 0x02a4c800 Threw 0x04dfa060 at C:\re\jdk7u79\2331\hotspot\src\share\vm\prims\jvm.cpp:1304
Event: 3.136 Thread 0x02a4c800 Threw 0x04e08fa0 at C:\re\jdk7u79\2331\hotspot\src\share\vm\prims\jvm.cpp:1304
Event: 3.138 Thread 0x02a4c800 Threw 0x04e0c9f8 at C:\re\jdk7u79\2331\hotspot\src\share\vm\prims\jvm.cpp:1304

Events (10 events):
Event: 109.247 Executing VM operation: ChangeBreakpoints
Event: 109.247 Executing VM operation: ChangeBreakpoints done
Event: 109.249 Executing VM operation: EnterInterpOnlyMode
Event: 109.249 Executing VM operation: EnterInterpOnlyMode done
Event: 109.249 Executing VM operation: GetCurrentLocation
Event: 109.249 Executing VM operation: GetCurrentLocation done
Event: 109.249 Executing VM operation: ChangeSingleStep
Event: 109.249 Executing VM operation: ChangeSingleStep done
Event: 109.249 Executing VM operation: ChangeSingleStep
Event: 109.249 Executing VM operation: ChangeSingleStep done


Dynamic libraries:
0x00e10000 - 0x00e3f000 	C:\Program Files (x86)\Java\jre7\bin\javaw.exe
0x77520000 - 0x7768f000 	C:\Windows\SYSTEM32\ntdll.dll
0x76930000 - 0x76a70000 	C:\Windows\SYSTEM32\KERNEL32.DLL
0x76fc0000 - 0x77097000 	C:\Windows\SYSTEM32\KERNELBASE.dll
0x72580000 - 0x72620000 	C:\Windows\system32\apphelp.dll
0x60bf0000 - 0x60e56000 	C:\Windows\AppPatch\AcGenral.DLL
0x77340000 - 0x77403000 	C:\Windows\SYSTEM32\msvcrt.dll
0x750e0000 - 0x75121000 	C:\Windows\SYSTEM32\sechost.dll
0x74f40000 - 0x74f5e000 	C:\Windows\SYSTEM32\SspiCli.dll
0x75160000 - 0x751a5000 	C:\Windows\SYSTEM32\SHLWAPI.dll
0x707f0000 - 0x708dd000 	C:\Windows\SYSTEM32\UxTheme.dll
0x76cd0000 - 0x76e23000 	C:\Windows\SYSTEM32\USER32.dll
0x74e30000 - 0x74f3f000 	C:\Windows\SYSTEM32\GDI32.dll
0x721b0000 - 0x721d3000 	C:\Windows\SYSTEM32\WINMM.dll
0x66070000 - 0x66083000 	C:\Windows\SYSTEM32\samcli.dll
0x76ae0000 - 0x76c09000 	C:\Windows\SYSTEM32\ole32.dll
0x770f0000 - 0x77187000 	C:\Windows\SYSTEM32\OLEAUT32.dll
0x64780000 - 0x64797000 	C:\Windows\SYSTEM32\MSACM32.dll
0x71c00000 - 0x71c08000 	C:\Windows\SYSTEM32\VERSION.dll
0x751b0000 - 0x7646a000 	C:\Windows\SYSTEM32\SHELL32.dll
0x74c80000 - 0x74c9b000 	C:\Windows\SYSTEM32\USERENV.dll
0x707d0000 - 0x707ea000 	C:\Windows\SYSTEM32\dwmapi.dll
0x71530000 - 0x7167c000 	C:\Windows\SYSTEM32\urlmon.dll
0x76ea0000 - 0x76f1c000 	C:\Windows\SYSTEM32\ADVAPI32.dll
0x70650000 - 0x706b5000 	C:\Windows\SYSTEM32\WINSPOOL.DRV
0x6ec10000 - 0x6ec26000 	C:\Windows\SYSTEM32\MPR.dll
0x76c10000 - 0x76cca000 	C:\Windows\SYSTEM32\RPCRT4.dll
0x74d00000 - 0x74d0a000 	C:\Windows\SYSTEM32\CRYPTBASE.dll
0x74f60000 - 0x750dd000 	C:\Windows\SYSTEM32\combase.dll
0x720a0000 - 0x720c3000 	C:\Windows\SYSTEM32\WINMMBASE.dll
0x74c60000 - 0x74c6f000 	C:\Windows\SYSTEM32\profapi.dll
0x71090000 - 0x712c4000 	C:\Windows\SYSTEM32\iertutil.dll
0x70e20000 - 0x7107d000 	C:\Windows\SYSTEM32\WININET.dll
0x74ca0000 - 0x74cf4000 	C:\Windows\SYSTEM32\bcryptPrimitives.dll
0x77410000 - 0x7744c000 	C:\Windows\SYSTEM32\cfgmgr32.dll
0x74be0000 - 0x74c01000 	C:\Windows\SYSTEM32\DEVOBJ.dll
0x749e0000 - 0x74a6b000 	C:\Windows\SYSTEM32\SHCORE.DLL
0x75130000 - 0x75157000 	C:\Windows\system32\IMM32.DLL
0x74d10000 - 0x74e22000 	C:\Windows\SYSTEM32\MSCTF.dll
0x708e0000 - 0x70ae6000 	C:\Windows\WinSxS\x86_microsoft.windows.common-controls_6595b64144ccf1df_6.0.9600.18006_none_a9ec6aab013aafee\COMCTL32.dll
0x5ee30000 - 0x5eeef000 	C:\Program Files (x86)\Java\jre7\bin\msvcr100.dll
0x66740000 - 0x66ac9000 	C:\Program Files (x86)\Java\jre7\bin\client\jvm.dll
0x6ec00000 - 0x6ec08000 	C:\Windows\SYSTEM32\WSOCK32.dll
0x771a0000 - 0x771a6000 	C:\Windows\SYSTEM32\PSAPI.DLL
0x770a0000 - 0x770ef000 	C:\Windows\SYSTEM32\WS2_32.dll
0x77190000 - 0x77197000 	C:\Windows\SYSTEM32\NSI.dll
0x6e2a0000 - 0x6e2ac000 	C:\Program Files (x86)\Java\jre7\bin\verify.dll
0x66720000 - 0x66740000 	C:\Program Files (x86)\Java\jre7\bin\java.dll
0x6fca0000 - 0x6fcca000 	C:\Program Files (x86)\Java\jre7\bin\jdwp.dll
0x661c0000 - 0x661c7000 	C:\Program Files (x86)\Java\jre7\bin\npt.dll
0x66700000 - 0x66713000 	C:\Program Files (x86)\Java\jre7\bin\zip.dll
0x661b0000 - 0x661b8000 	C:\Program Files (x86)\Java\jre7\bin\dt_socket.dll
0x70bd0000 - 0x70be1000 	C:\Windows\system32\napinsp.dll
0x70bb0000 - 0x70bc6000 	C:\Windows\system32\pnrpnsp.dll
0x70b90000 - 0x70ba4000 	C:\Windows\system32\NLAapi.dll
0x74990000 - 0x749db000 	C:\Windows\System32\mswsock.dll
0x722b0000 - 0x7232e000 	C:\Windows\SYSTEM32\DNSAPI.dll
0x71080000 - 0x7108a000 	C:\Windows\System32\winrnr.dll
0x70ce0000 - 0x70cf0000 	C:\Windows\system32\wshbth.dll
0x51a50000 - 0x51b5d000 	C:\Windows\system32\ierd_tgp_lsp.dll
0x70c50000 - 0x70c96000 	C:\Windows\System32\fwpuclnt.dll
0x71710000 - 0x71718000 	C:\Windows\System32\rasadhlp.dll
0x19b80000 - 0x19bf0000 	C:\Users\Ñô\.swt\lib\win32\x86\swt-win32-4528.dll
0x76f20000 - 0x76fbb000 	C:\Windows\SYSTEM32\comdlg32.dll
0x6b4b0000 - 0x6b4c6000 	C:\Windows\SYSTEM32\USP10.dll
0x771b0000 - 0x77338000 	C:\Windows\SYSTEM32\CRYPT32.dll
0x76e30000 - 0x76e3e000 	C:\Windows\SYSTEM32\MSASN1.dll
0x730b0000 - 0x730b9000 	C:\Windows\SYSTEM32\kernel.appcore.dll
0x72330000 - 0x72471000 	C:\Windows\SYSTEM32\dbghelp.dll

VM Arguments:
jvm_args: -agentlib:jdwp=transport=dt_socket,suspend=y,address=localhost:53830 -Dfile.encoding=UTF-8 
java_command: cn.com.agree.ab.a4.pub.logreader.reader.AnalysisLog
Launcher Type: SUN_STANDARD

Environment Variables:
JAVA_HOME=C:\Program Files (x86)\Java\jdk1.7.0_79
CLASSPATH=.;C:\Program Files (x86)\Java\jdk1.7.0_79\lib\dt.jar;C:\Program Files (x86)\Java\jdk1.7.0_79\lib\tools.jar;
PATH=C:/Program Files (x86)/Java/jre7/bin/client;C:/Program Files (x86)/Java/jre7/bin;C:/Program Files (x86)/Java/jre7/lib/i386;C:\Program Files (x86)\Intel\iCLS Client\;C:\Program Files\Intel\iCLS Client\;C:\Program Files (x86)\NVIDIA Corporation\PhysX\Common;C:\Windows\system32;C:\Windows;C:\Windows\System32\Wbem;C:\Windows\System32\WindowsPowerShell\v1.0\;C:\Program Files\Intel\Intel(R) Management Engine Components\DAL;C:\Program Files\Intel\Intel(R) Management Engine Components\IPT;C:\Program Files (x86)\Intel\Intel(R) Management Engine Components\DAL;C:\Program Files (x86)\Intel\Intel(R) Management Engine Components\IPT;C:\Program Files\Intel\WiFi\bin\;C:\Program Files\Common Files\Intel\WirelessCommon\;C:\Program Files (x86)\Java\jdk1.7.0_79\bin;C:\Program Files\nodejs\;C:\Users\Ñô\AppData\Roaming\npm;D:\eclipse;
USERNAME=Ñô
OS=Windows_NT
PROCESSOR_IDENTIFIER=Intel64 Family 6 Model 60 Stepping 3, GenuineIntel



---------------  S Y S T E M  ---------------

OS: Windows 8.1 , 64 bit Build 9600 

CPU:total 8 (4 cores per cpu, 2 threads per core) family 6 model 60 stepping 3, cmov, cx8, fxsr, mmx, sse, sse2, sse3, ssse3, sse4.1, sse4.2, popcnt, avx, avx2, aes, erms, ht, tsc, tscinvbit

Memory: 4k page, physical 8274896k(3299240k free), swap 9257936k(3701532k free)

vm_info: Java HotSpot(TM) Client VM (24.79-b02) for windows-x86 JRE (1.7.0_79-b15), built on Apr 10 2015 16:49:13 by "java_re" with unknown MS VC++:1600

time: Mon Oct 10 14:24:10 2016
elapsed time: 110 seconds

